<?xml version="1.0" encoding="UTF-8"?>
<testng-results skipped="0" failed="0" ignored="0" total="1" passed="1">
  <reporter-output>
  </reporter-output>
  <suite name="Default suite" duration-ms="99384" started-at="2019-12-04T16:11:46Z" finished-at="2019-12-04T16:13:25Z">
    <groups>
    </groups>
    <test name="Default test" duration-ms="99384" started-at="2019-12-04T16:11:46Z" finished-at="2019-12-04T16:13:25Z">
      <class name="com.atmecs.assessmenttask.testscripts.BookingHotels_Automation">
        <test-method status="PASS" signature="initializeBrowser()[pri:0, instance:com.atmecs.assessmenttask.testscripts.BookingHotels_Automation@7c1e2a9e]" name="initializeBrowser" is-config="true" duration-ms="12070" started-at="2019-12-04T16:11:46Z" finished-at="2019-12-04T16:11:58Z">
          <reporter-output>
          </reporter-output>
        </test-method> <!-- initializeBrowser -->
        <test-method status="PASS" signature="bookingACheapFourStarHotelForSixMembers()[pri:0, instance:com.atmecs.assessmenttask.testscripts.BookingHotels_Automation@7c1e2a9e]" name="bookingACheapFourStarHotelForSixMembers" duration-ms="87281" started-at="2019-12-04T16:11:58Z" finished-at="2019-12-04T16:13:25Z">
          <reporter-output>
          </reporter-output>
        </test-method> <!-- bookingACheapFourStarHotelForSixMembers -->
      </class> <!-- com.atmecs.assessmenttask.testscripts.BookingHotels_Automation -->
    </test> <!-- Default test -->
  </suite> <!-- Default suite -->
</testng-results>
