<?xml version="1.0" encoding="UTF-8"?>
<!-- Generated by org.testng.reporters.JUnitXMLReporter -->
<testsuite hostname="ATMECSINDT-046" ignored="0" name="AssessmentTest" tests="1" failures="1" timestamp="29 Nov 2019 04:22:00 GMT" time="9.9" errors="0">
  <testcase name="@AfterMethod getReport" time="0.006" classname="com.atmecs.Assessment3.assessmenttask.reports.ExtentReport">
    <failure type="java.lang.NullPointerException">
      <![CDATA[java.lang.NullPointerException
at com.atmecs.Assessment3.assessmenttask.reports.ExtentReport.getScreenshot(ExtentReport.java:35)
at com.atmecs.Assessment3.assessmenttask.reports.ExtentReport.getReport(ExtentReport.java:49)
... Removed 33 stack frames]]>
    </failure>
  </testcase> <!-- @AfterMethod getReport -->
  <testcase name="policyDateEvaluator" time="0.031" classname="com.atmecs.Assessment3.assessmenttask.testscripts.PolicyDateEvaluator">
    <failure type="java.lang.NullPointerException">
      <![CDATA[java.lang.NullPointerException
at com.atmecs.Assessment3.assessmenttask.utils.ExcelFileReader.gettingValuesOfAColumn(ExcelFileReader.java:94)
at com.atmecs.Assessment3.assessmenttask.testscripts.PolicyDateEvaluator.policyDateEvaluator(PolicyDateEvaluator.java:71)
... Removed 30 stack frames]]>
    </failure>
  </testcase> <!-- policyDateEvaluator -->
</testsuite> <!-- AssessmentTest -->
